<?xml version="1.0" encoding="UTF-8" ?>
<testsuite tests="17" failures="0" name="at.aau.ue4.bsp1.RingBufferTest" time="0.081" errors="0" skipped="0">
  <properties>
    <property name="idea.version" value="2021.1.3"/>
    <property name="java.runtime.name" value="OpenJDK Runtime Environment"/>
    <property name="java.vm.version" value="17.0.1+12-39"/>
    <property name="sun.boot.library.path" value="/Users/wrdlprmpf/Library/Java/JavaVirtualMachines/openjdk-17.0.1/Contents/Home/lib"/>
    <property name="maven.multiModuleProjectDirectory" value="/Users/wrdlprmpf/Documents/Github/Software-Engineering-WS21/AB4/projekt"/>
    <property name="java.vm.vendor" value="Oracle Corporation"/>
    <property name="java.vendor.url" value="https://java.oracle.com/"/>
    <property name="path.separator" value=":"/>
    <property name="guice.disable.misplaced.annotation.check" value="true"/>
    <property name="java.vm.name" value="OpenJDK 64-Bit Server VM"/>
    <property name="user.country" value="AT"/>
    <property name="sun.java.launcher" value="SUN_STANDARD"/>
    <property name="java.vm.specification.name" value="Java Virtual Machine Specification"/>
    <property name="user.dir" value="/Users/wrdlprmpf/Documents/Github/Software-Engineering-WS21/AB4/projekt"/>
    <property name="java.vm.compressedOopsMode" value="Zero based"/>
    <property name="java.runtime.version" value="17.0.1+12-39"/>
    <property name="os.arch" value="x86_64"/>
    <property name="java.io.tmpdir" value="/var/folders/qy/q2y9h5r12998vmm66zv7lgs80000gn/T/"/>
    <property name="line.separator" value="
"/>
    <property name="java.vm.specification.vendor" value="Oracle Corporation"/>
    <property name="os.name" value="Mac OS X"/>
    <property name="maven.ext.class.path" value="/Users/wrdlprmpf/Desktop/IntelliJ IDEA.app/Contents/plugins/maven/lib/maven-event-listener.jar"/>
    <property name="classworlds.conf" value="/Users/wrdlprmpf/Desktop/IntelliJ IDEA.app/Contents/plugins/maven/lib/maven3/bin/m2.conf"/>
    <property name="sun.jnu.encoding" value="UTF-8"/>
    <property name="java.library.path" value="/Users/wrdlprmpf/Library/Java/Extensions:/Library/Java/Extensions:/Network/Library/Java/Extensions:/System/Library/Java/Extensions:/usr/lib/java:."/>
    <property name="maven.conf" value="/Users/wrdlprmpf/Desktop/IntelliJ IDEA.app/Contents/plugins/maven/lib/maven3/conf"/>
    <property name="jdk.debug" value="release"/>
    <property name="java.class.version" value="61.0"/>
    <property name="java.specification.name" value="Java Platform API Specification"/>
    <property name="sun.management.compiler" value="HotSpot 64-Bit Tiered Compilers"/>
    <property name="os.version" value="12.1"/>
    <property name="user.home" value="/Users/wrdlprmpf"/>
    <property name="user.timezone" value="Europe/Vienna"/>
    <property name="file.encoding" value="UTF-8"/>
    <property name="java.specification.version" value="17"/>
    <property name="user.name" value="wrdlprmpf"/>
    <property name="java.class.path" value="/Users/wrdlprmpf/Desktop/IntelliJ IDEA.app/Contents/plugins/maven/lib/maven3/boot/plexus-classworlds.license:/Users/wrdlprmpf/Desktop/IntelliJ IDEA.app/Contents/plugins/maven/lib/maven3/boot/plexus-classworlds-2.6.0.jar"/>
    <property name="java.vm.specification.version" value="17"/>
    <property name="sun.arch.data.model" value="64"/>
    <property name="sun.java.command" value="org.codehaus.classworlds.Launcher -Didea.version=2021.1.3 test"/>
    <property name="java.home" value="/Users/wrdlprmpf/Library/Java/JavaVirtualMachines/openjdk-17.0.1/Contents/Home"/>
    <property name="user.language" value="en"/>
    <property name="java.specification.vendor" value="Oracle Corporation"/>
    <property name="java.vm.info" value="mixed mode, sharing"/>
    <property name="java.version" value="17.0.1"/>
    <property name="native.encoding" value="US-ASCII"/>
    <property name="java.vendor" value="Oracle Corporation"/>
    <property name="maven.home" value="/Users/wrdlprmpf/Desktop/IntelliJ IDEA.app/Contents/plugins/maven/lib/maven3"/>
    <property name="file.separator" value="/"/>
    <property name="java.version.date" value="2021-10-19"/>
    <property name="java.vendor.url.bug" value="https://bugreport.java.com/bugreport/"/>
    <property name="sun.io.unicode.encoding" value="UnicodeBig"/>
    <property name="sun.cpu.endian" value="little"/>
  </properties>
  <testcase classname="BaseTest" name="shouldThrow_whenRemoveIsExecuted()" time="0.042"/>
  <testcase classname="BaseTest" name="shouldThrow_whenRingBufferIsEmpty()" time="0.001"/>
  <testcase classname="BaseTest" name="shouldReturnNextElement_whenBufferIsLoaded()" time="0.022"/>
  <testcase classname="BaseTest" name="shouldThrow_whenEmptyPopped()" time="0.002"/>
  <testcase classname="BaseTest" name="shouldReturnTrue_whenEmpty()" time="0.002"/>
  <testcase classname="BaseTest" name="shouldReturnFive_whenBufferHasFiveElements()" time="0"/>
  <testcase classname="BaseTest" name="shouldThrow_whenPushedOverCapacity()" time="0.003"/>
  <testcase classname="BaseTest" name="shouldReturnFalse_whenRingBufferHasNoNext()" time="0.002"/>
  <testcase classname="BaseTest" name="shouldDecreaseSize_whenItemsGetPopped()" time="0"/>
  <testcase classname="BaseTest" name="shouldReturnItem_whenItemIsPopped()" time="0.001"/>
  <testcase classname="BaseTest" name="shouldReturnZero_whenBufferIsEmpty()" time="0.003"/>
  <testcase classname="BaseTest" name="shouldReturnTrue_whenRingBufferHasANextValue()" time="0"/>
  <testcase classname="BaseTest" name="shouldThrow_whenMethodRemoveIsLoaded()" time="0.003"/>
  <testcase classname="BaseTest" name="shouldReturnFalse_whenNotEmpty()" time="0"/>
  <testcase classname="BaseTest" name="shouldIncreaseSize_whenItemsGetPushed()" time="0"/>
  <testcase classname="FullCoverageTest" name="test()" time="0"/>
  <testcase classname="FullMutationScoreTest" name="test()" time="0"/>
</testsuite>